c:\nxp\myprojects\project_vs2013\solutions\surroundview\projects\calibration\x64\debug\vc120.pdb
c:\nxp\myprojects\project_vs2013\solutions\surroundview\projects\calibration\x64\debug\vc120.idb
c:\nxp\myprojects\project_vs2013\solutions\surroundview\projects\calibration\x64\debug\camera.obj
c:\nxp\myprojects\project_vs2013\solutions\surroundview\projects\calibration\x64\debug\defisheye.obj
c:\nxp\myprojects\project_vs2013\solutions\surroundview\projects\calibration\x64\debug\exposure_compensator.obj
c:\nxp\myprojects\project_vs2013\solutions\surroundview\projects\calibration\x64\debug\fontrenderer.obj
c:\nxp\myprojects\project_vs2013\solutions\surroundview\projects\calibration\x64\debug\gain.obj
c:\nxp\myprojects\project_vs2013\solutions\surroundview\projects\calibration\x64\debug\gl_shaders.obj
c:\nxp\myprojects\project_vs2013\solutions\surroundview\projects\calibration\x64\debug\grid.obj
c:\nxp\myprojects\project_vs2013\solutions\surroundview\projects\calibration\x64\debug\main.obj
c:\nxp\myprojects\project_vs2013\solutions\surroundview\projects\calibration\x64\debug\masks.obj
c:\nxp\myprojects\project_vs2013\solutions\surroundview\projects\calibration\x64\debug\mrt.obj
c:\nxp\myprojects\project_vs2013\solutions\surroundview\projects\calibration\x64\debug\settings.obj
c:\nxp\myprojects\project_vs2013\solutions\surroundview\projects\calibration\x64\debug\src_contours.obj
c:\nxp\myprojects\project_vs2013\solutions\surroundview\projects\calibration\x64\debug\src_v4l2.obj
c:\nxp\myprojects\project_vs2013\solutions\surroundview\projects\calibration\x64\debug\view.obj
c:\nxp\myprojects\project_vs2013\solutions\surroundview\x64\debug\calibration.ilk
c:\nxp\myprojects\project_vs2013\solutions\surroundview\x64\debug\calibration.exe
c:\nxp\myprojects\project_vs2013\solutions\surroundview\x64\debug\calibration.pdb
c:\nxp\myprojects\project_vs2013\solutions\surroundview\projects\calibration\x64\debug\calibration.tlog\cl.command.1.tlog
c:\nxp\myprojects\project_vs2013\solutions\surroundview\projects\calibration\x64\debug\calibration.tlog\cl.read.1.tlog
c:\nxp\myprojects\project_vs2013\solutions\surroundview\projects\calibration\x64\debug\calibration.tlog\cl.write.1.tlog
c:\nxp\myprojects\project_vs2013\solutions\surroundview\projects\calibration\x64\debug\calibration.tlog\link.command.1.tlog
c:\nxp\myprojects\project_vs2013\solutions\surroundview\projects\calibration\x64\debug\calibration.tlog\link.read.1.tlog
c:\nxp\myprojects\project_vs2013\solutions\surroundview\projects\calibration\x64\debug\calibration.tlog\link.write.1.tlog
