生成启动时间为 2020-05-17 19:41:34。
     1>项目“C:\NXP\myProjects\Project_VS2013\Solutions\SurroundView\Projects\2DStitching\2DStitching.vcxproj”在节点 2 上(Build 个目标)。
     1>ClCompile:
         C:\Program Files (x86)\Microsoft Visual Studio 12.0\VC\bin\x86_amd64\CL.exe /c /Zi /nologo /W3 /WX- /Od /D WIN32 /D _DEBUG /D _CONSOLE /D _LIB /D _CRT_SECURE_NO_WARNINGS /D _UNICODE /D UNICODE /Gm /EHsc /RTC1 /MDd /GS /fp:precise /Zc:wchar_t /Zc:forScope /Fo"x64\Debug\\" /Fd"x64\Debug\vc120.pdb" /Gd /TP /errorReport:prompt src\BirdEyeView.cpp
         BirdEyeView.cpp
     1>C:\NXP\myProjects\Project_VS2013\inc\opencv2/core/mat.hpp(1926): warning C4819: 该文件包含不能在当前代码页(936)中表示的字符。请将该文件保存为 Unicode 格式以防止数据丢失
     1>C:\NXP\myProjects\Project_VS2013\inc\opencv2/core/persistence.hpp : warning C4819: 该文件包含不能在当前代码页(936)中表示的字符。请将该文件保存为 Unicode 格式以防止数据丢失
     1>C:\NXP\myProjects\Project_VS2013\inc\opencv2/core/utility.hpp : warning C4819: 该文件包含不能在当前代码页(936)中表示的字符。请将该文件保存为 Unicode 格式以防止数据丢失
     1>C:\NXP\myProjects\Project_VS2013\inc\opencv2/imgproc.hpp(617): warning C4819: 该文件包含不能在当前代码页(936)中表示的字符。请将该文件保存为 Unicode 格式以防止数据丢失
     1>C:\NXP\myProjects\Project_VS2013\inc\iconv.h : warning C4819: 该文件包含不能在当前代码页(936)中表示的字符。请将该文件保存为 Unicode 格式以防止数据丢失
     1>src\BirdEyeView.cpp(30): warning C4244: “初始化”: 从“const float”转换到“int”，可能丢失数据
     1>src\BirdEyeView.cpp(31): warning C4244: “初始化”: 从“const float”转换到“int”，可能丢失数据
     1>src\BirdEyeView.cpp(140): warning C4244: “=”: 从“int”转换到“float”，可能丢失数据
     1>src\BirdEyeView.cpp(145): warning C4244: “=”: 从“int”转换到“float”，可能丢失数据
     1>src\BirdEyeView.cpp(148): warning C4244: “参数”: 从“float”转换到“int”，可能丢失数据
     1>src\BirdEyeView.cpp(149): warning C4244: “参数”: 从“float”转换到“int”，可能丢失数据
     1>src\BirdEyeView.cpp(177): warning C4244: “=”: 从“int”转换到“float”，可能丢失数据
     1>src\BirdEyeView.cpp(178): warning C4244: “=”: 从“int”转换到“float”，可能丢失数据
     1>src\BirdEyeView.cpp(339): warning C4244: “=”: 从“double”转换到“int”，可能丢失数据
     1>src\BirdEyeView.cpp(377): warning C4244: “=”: 从“double”转换到“uchar”，可能丢失数据
     1>src\BirdEyeView.cpp(418): warning C4244: “=”: 从“double”转换到“uchar”，可能丢失数据
     1>src\BirdEyeView.cpp(419): warning C4244: “=”: 从“double”转换到“uchar”，可能丢失数据
     1>src\BirdEyeView.cpp(420): warning C4244: “=”: 从“double”转换到“uchar”，可能丢失数据
     1>src\BirdEyeView.cpp(449): warning C4244: “参数”: 从“double”转换到“float”，可能丢失数据
     1>src\BirdEyeView.cpp(449): warning C4244: “参数”: 从“int”转换到“float”，可能丢失数据
     1>src\BirdEyeView.cpp(453): warning C4244: “参数”: 从“double”转换到“float”，可能丢失数据
     1>src\BirdEyeView.cpp(453): warning C4244: “参数”: 从“int”转换到“float”，可能丢失数据
     1>src\BirdEyeView.cpp(457): warning C4244: “参数”: 从“double”转换到“float”，可能丢失数据
     1>src\BirdEyeView.cpp(457): warning C4244: “参数”: 从“int”转换到“float”，可能丢失数据
     1>src\BirdEyeView.cpp(461): warning C4244: “参数”: 从“double”转换到“float”，可能丢失数据
     1>src\BirdEyeView.cpp(461): warning C4244: “参数”: 从“int”转换到“float”，可能丢失数据
     1>src\BirdEyeView.cpp(492): warning C4244: “参数”: 从“int”转换到“float”，可能丢失数据
     1>src\BirdEyeView.cpp(493): warning C4244: “参数”: 从“int”转换到“float”，可能丢失数据
     1>src\BirdEyeView.cpp(494): warning C4244: “参数”: 从“int”转换到“float”，可能丢失数据
     1>src\BirdEyeView.cpp(495): warning C4244: “参数”: 从“int”转换到“float”，可能丢失数据
     1>src\BirdEyeView.cpp(496): warning C4244: “参数”: 从“int”转换到“float”，可能丢失数据
     1>src\BirdEyeView.cpp(497): warning C4244: “参数”: 从“int”转换到“float”，可能丢失数据
     1>src\BirdEyeView.cpp(498): warning C4244: “参数”: 从“int”转换到“float”，可能丢失数据
     1>src\BirdEyeView.cpp(499): warning C4244: “参数”: 从“int”转换到“float”，可能丢失数据
     1>src\BirdEyeView.cpp(502): warning C4244: “参数”: 从“int”转换到“float”，可能丢失数据
     1>src\BirdEyeView.cpp(503): warning C4244: “参数”: 从“int”转换到“float”，可能丢失数据
     1>src\BirdEyeView.cpp(504): warning C4244: “参数”: 从“int”转换到“float”，可能丢失数据
     1>src\BirdEyeView.cpp(505): warning C4244: “参数”: 从“int”转换到“float”，可能丢失数据
     1>src\BirdEyeView.cpp(506): warning C4244: “参数”: 从“int”转换到“float”，可能丢失数据
     1>src\BirdEyeView.cpp(507): warning C4244: “参数”: 从“int”转换到“float”，可能丢失数据
     1>src\BirdEyeView.cpp(508): warning C4244: “参数”: 从“int”转换到“float”，可能丢失数据
     1>src\BirdEyeView.cpp(509): warning C4244: “参数”: 从“int”转换到“float”，可能丢失数据
     1>src\BirdEyeView.cpp(512): warning C4244: “参数”: 从“int”转换到“float”，可能丢失数据
     1>src\BirdEyeView.cpp(513): warning C4244: “参数”: 从“int”转换到“float”，可能丢失数据
     1>src\BirdEyeView.cpp(514): warning C4244: “参数”: 从“int”转换到“float”，可能丢失数据
     1>src\BirdEyeView.cpp(515): warning C4244: “参数”: 从“int”转换到“float”，可能丢失数据
     1>src\BirdEyeView.cpp(517): warning C4244: “参数”: 从“int”转换到“float”，可能丢失数据
     1>src\BirdEyeView.cpp(518): warning C4244: “参数”: 从“int”转换到“float”，可能丢失数据
     1>src\BirdEyeView.cpp(519): warning C4244: “参数”: 从“int”转换到“float”，可能丢失数据
     1>src\BirdEyeView.cpp(520): warning C4244: “参数”: 从“int”转换到“float”，可能丢失数据
     1>src\BirdEyeView.cpp(523): warning C4244: “参数”: 从“int”转换到“float”，可能丢失数据
     1>src\BirdEyeView.cpp(524): warning C4244: “参数”: 从“int”转换到“float”，可能丢失数据
     1>src\BirdEyeView.cpp(525): warning C4244: “参数”: 从“int”转换到“float”，可能丢失数据
     1>src\BirdEyeView.cpp(526): warning C4244: “参数”: 从“int”转换到“float”，可能丢失数据
     1>src\BirdEyeView.cpp(527): warning C4244: “参数”: 从“int”转换到“float”，可能丢失数据
     1>src\BirdEyeView.cpp(528): warning C4244: “参数”: 从“int”转换到“float”，可能丢失数据
     1>src\BirdEyeView.cpp(529): warning C4244: “参数”: 从“int”转换到“float”，可能丢失数据
     1>src\BirdEyeView.cpp(530): warning C4244: “参数”: 从“int”转换到“float”，可能丢失数据
       Link:
         C:\Program Files (x86)\Microsoft Visual Studio 12.0\VC\bin\x86_amd64\link.exe /ERRORREPORT:PROMPT /OUT:"C:\NXP\myProjects\Project_VS2013\Solutions\SurroundView\x64\Debug\2DStitching.exe" /INCREMENTAL /NOLOGO assimp.lib freetype.lib iconv.lib libEGL.lib libGLESv2.lib libOpenCL.lib libVDK.lib libxml2.lib libxml2_a.lib libxml2_a_dll.lib opencv_aruco320d.lib opencv_bgsegm320d.lib opencv_bioinspired320d.lib opencv_calib3d320d.lib opencv_ccalib320d.lib opencv_core320d.lib opencv_datasets320d.lib opencv_dnn320d.lib opencv_dpm320d.lib opencv_face320d.lib opencv_features2d320d.lib opencv_flann320d.lib opencv_fuzzy320d.lib opencv_highgui320d.lib opencv_imgcodecs320d.lib opencv_imgproc320d.lib opencv_line_descriptor320d.lib opencv_ml320d.lib opencv_objdetect320d.lib opencv_optflow320d.lib opencv_phase_unwrapping320d.lib opencv_photo320d.lib opencv_plot320d.lib opencv_reg320d.lib opencv_rgbd320d.lib opencv_saliency320d.lib opencv_shape320d.lib opencv_stereo320d.lib opencv_stitching320d.lib opencv_structured_light320d.lib opencv_superres320d.lib opencv_surface_matching320d.lib opencv_text320d.lib opencv_tracking320d.lib opencv_video320d.lib opencv_videoio320d.lib opencv_videostab320d.lib opencv_xfeatures2d320d.lib opencv_ximgproc320d.lib opencv_xobjdetect320d.lib opencv_xphoto320d.lib kernel32.lib user32.lib gdi32.lib winspool.lib comdlg32.lib advapi32.lib shell32.lib ole32.lib oleaut32.lib uuid.lib odbc32.lib odbccp32.lib /MANIFEST /MANIFESTUAC:"level='asInvoker' uiAccess='false'" /manifest:embed /DEBUG /PDB:"C:\NXP\myProjects\Project_VS2013\Solutions\SurroundView\x64\Debug\2DStitching.pdb" /SUBSYSTEM:CONSOLE /TLBID:1 /DYNAMICBASE /NXCOMPAT /IMPLIB:"C:\NXP\myProjects\Project_VS2013\Solutions\SurroundView\x64\Debug\2DStitching.lib" /MACHINE:X64 x64\Debug\BirdEyeView.obj
         x64\Debug\Camera.obj
         x64\Debug\FisheyeCalibration.obj
         x64\Debug\main.obj
         x64\Debug\SearchContours.obj
         x64\Debug\XMLParameters.obj
         2DStitching.vcxproj -> C:\NXP\myProjects\Project_VS2013\Solutions\SurroundView\x64\Debug\2DStitching.exe
     1>已完成生成项目“C:\NXP\myProjects\Project_VS2013\Solutions\SurroundView\Projects\2DStitching\2DStitching.vcxproj”(Build 个目标)的操作。

生成成功。

已用时间 00:00:02.83
