d:\myprojects\project_of_vs\vivante_vtk\solutions\surroundview\projects\rendering\x64\debug\vc120.pdb
d:\myprojects\project_of_vs\vivante_vtk\solutions\surroundview\projects\rendering\x64\debug\vc120.idb
d:\myprojects\project_of_vs\vivante_vtk\solutions\surroundview\projects\rendering\x64\debug\camera.obj
d:\myprojects\project_of_vs\vivante_vtk\solutions\surroundview\projects\rendering\x64\debug\camera_tex.obj
d:\myprojects\project_of_vs\vivante_vtk\solutions\surroundview\projects\rendering\x64\debug\defisheye.obj
d:\myprojects\project_of_vs\vivante_vtk\solutions\surroundview\projects\rendering\x64\debug\exposure_compensator.obj
d:\myprojects\project_of_vs\vivante_vtk\solutions\surroundview\projects\rendering\x64\debug\fontrenderer.obj
d:\myprojects\project_of_vs\vivante_vtk\solutions\surroundview\projects\rendering\x64\debug\gain.obj
d:\myprojects\project_of_vs\vivante_vtk\solutions\surroundview\projects\rendering\x64\debug\gl_shaders.obj
d:\myprojects\project_of_vs\vivante_vtk\solutions\surroundview\projects\rendering\x64\debug\grid.obj
d:\myprojects\project_of_vs\vivante_vtk\solutions\surroundview\projects\rendering\x64\debug\main.obj
d:\myprojects\project_of_vs\vivante_vtk\solutions\surroundview\projects\rendering\x64\debug\masks.obj
d:\myprojects\project_of_vs\vivante_vtk\solutions\surroundview\projects\rendering\x64\debug\material.obj
d:\myprojects\project_of_vs\vivante_vtk\solutions\surroundview\projects\rendering\x64\debug\modelloader.obj
d:\myprojects\project_of_vs\vivante_vtk\solutions\surroundview\projects\rendering\x64\debug\vbo.obj
d:\myprojects\project_of_vs\vivante_vtk\solutions\surroundview\projects\rendering\x64\debug\mrt.obj
d:\myprojects\project_of_vs\vivante_vtk\solutions\surroundview\projects\rendering\x64\debug\settings.obj
d:\myprojects\project_of_vs\vivante_vtk\solutions\surroundview\projects\rendering\x64\debug\src_contours.obj
d:\myprojects\project_of_vs\vivante_vtk\solutions\surroundview\projects\rendering\x64\debug\src_v4l2.obj
d:\myprojects\project_of_vs\vivante_vtk\solutions\surroundview\projects\rendering\x64\debug\view.obj
d:\myprojects\project_of_vs\vivante_vtk\solutions\surroundview\x64\debug\rendering.ilk
d:\myprojects\project_of_vs\vivante_vtk\solutions\surroundview\x64\debug\rendering.exe
d:\myprojects\project_of_vs\vivante_vtk\solutions\surroundview\x64\debug\rendering.pdb
d:\myprojects\project_of_vs\vivante_vtk\solutions\surroundview\projects\rendering\x64\debug\rendering.tlog\cl.command.1.tlog
d:\myprojects\project_of_vs\vivante_vtk\solutions\surroundview\projects\rendering\x64\debug\rendering.tlog\cl.read.1.tlog
d:\myprojects\project_of_vs\vivante_vtk\solutions\surroundview\projects\rendering\x64\debug\rendering.tlog\cl.write.1.tlog
d:\myprojects\project_of_vs\vivante_vtk\solutions\surroundview\projects\rendering\x64\debug\rendering.tlog\link.command.1.tlog
d:\myprojects\project_of_vs\vivante_vtk\solutions\surroundview\projects\rendering\x64\debug\rendering.tlog\link.read.1.tlog
d:\myprojects\project_of_vs\vivante_vtk\solutions\surroundview\projects\rendering\x64\debug\rendering.tlog\link.write.1.tlog
